<?xml version="1.0" encoding="UTF-8" ?>
<config>
    <!-- Global Settings -->
    <input-path>hdfs://nameservice1/user/hive/warehouse/anti_fraud.db/jietiao_factor_data_r</input-path>
    <output-path>hdfs://nameservice1/tmp/hfile-output-20170717</output-path>
    <htable-name>fraud:jietiao_factor_v1</htable-name>
    <field-delimiter>\u0001</field-delimiter>
    <collection-item-delimiter>,</collection-item-delimiter>
    <hbase.zookeeper.quorum>192.168.254.67,192.168.254.68,192.168.255.66</hbase.zookeeper.quorum>
    <hbase.zookeeper.property.clientPort>2181</hbase.zookeeper.property.clientPort>
    <hbase.zookeeper.property.maxClientCnxns>400</hbase.zookeeper.property.maxClientCnxns>
    <hbase.znode.parent>/hbase</hbase.znode.parent>

    <!-- Local Settings -->
    <!-- 1 -->
    <mapping-info>
        <partition>
            data_date=20170717/feature=BUS_Software
        </partition>
        <column-mapping>
            <hive-column-name>imei</hive-column-name>
            <hive-column-type>string</hive-column-type>
            <rowkey>true</rowkey>
        </column-mapping>
        <column-mapping>
            <hive-column-name>value</hive-column-name>
            <hive-column-type>float</hive-column-type>
            <hbase-column-family>A</hbase-column-family>
            <hbase-column-qualifier>BUS_Software</hbase-column-qualifier>
        </column-mapping>
    </mapping-info>

    <!-- 2 -->
    <mapping-info>
        <partition>
            data_date=20170717/feature=BUS_Soft_Document
        </partition>
        <column-mapping>
            <hive-column-name>imei</hive-column-name>
            <hive-column-type>string</hive-column-type>
            <rowkey>true</rowkey>
        </column-mapping>
        <column-mapping>
            <hive-column-name>value</hive-column-name>
            <hive-column-type>float</hive-column-type>
            <hbase-column-family>A</hbase-column-family>
            <hbase-column-qualifier>BUS_Soft_Document</hbase-column-qualifier>
        </column-mapping>
    </mapping-info>

    <!-- 3 -->
    <mapping-info>
        <partition>
            data_date=20170717/feature=SOP_Life_Groupon
        </partition>
        <column-mapping>
            <hive-column-name>imei</hive-column-name>
            <hive-column-type>string</hive-column-type>
            <rowkey>true</rowkey>
        </column-mapping>
        <column-mapping>
            <hive-column-name>value</hive-column-name>
            <hive-column-type>float</hive-column-type>
            <hbase-column-family>A</hbase-column-family>
            <hbase-column-qualifier>SOP_Life_Groupon</hbase-column-qualifier>
        </column-mapping>
    </mapping-info>

    <!-- 4 -->
    <mapping-info>
        <partition>
            data_date=20170717/feature=SOP_Groupon
        </partition>
        <column-mapping>
            <hive-column-name>imei</hive-column-name>
            <hive-column-type>string</hive-column-type>
            <rowkey>true</rowkey>
        </column-mapping>
        <column-mapping>
            <hive-column-name>value</hive-column-name>
            <hive-column-type>float</hive-column-type>
            <hbase-column-family>A</hbase-column-family>
            <hbase-column-qualifier>SOP_Groupon</hbase-column-qualifier>
        </column-mapping>
    </mapping-info>

    <!-- 5 -->
    <mapping-info>
        <partition>
            data_date=20170717/feature=SOP_General
        </partition>
        <column-mapping>
            <hive-column-name>imei</hive-column-name>
            <hive-column-type>string</hive-column-type>
            <rowkey>true</rowkey>
        </column-mapping>
        <column-mapping>
            <hive-column-name>value</hive-column-name>
            <hive-column-type>float</hive-column-type>
            <hbase-column-family>A</hbase-column-family>
            <hbase-column-qualifier>SOP_General</hbase-column-qualifier>
        </column-mapping>
    </mapping-info>

    <!-- 6 -->
    <mapping-info>
        <partition>
            data_date=20170717/feature=HEA_Fit
        </partition>
        <column-mapping>
            <hive-column-name>imei</hive-column-name>
            <hive-column-type>string</hive-column-type>
            <rowkey>true</rowkey>
        </column-mapping>
        <column-mapping>
            <hive-column-name>value</hive-column-name>
            <hive-column-type>float</hive-column-type>
            <hbase-column-family>A</hbase-column-family>
            <hbase-column-qualifier>HEA_Fit</hbase-column-qualifier>
        </column-mapping>
    </mapping-info>

    <!-- 7 -->
    <mapping-info>
        <partition>
            data_date=20170717/feature=EDU_Language
        </partition>
        <column-mapping>
            <hive-column-name>imei</hive-column-name>
            <hive-column-type>string</hive-column-type>
            <rowkey>true</rowkey>
        </column-mapping>
        <column-mapping>
            <hive-column-name>value</hive-column-name>
            <hive-column-type>float</hive-column-type>
            <hbase-column-family>A</hbase-column-family>
            <hbase-column-qualifier>EDU_Language</hbase-column-qualifier>
        </column-mapping>
    </mapping-info>

    <!-- 8 -->
    <mapping-info>
        <partition>
            data_date=20170717/feature=EDU_Online
        </partition>
        <column-mapping>
            <hive-column-name>imei</hive-column-name>
            <hive-column-type>string</hive-column-type>
            <rowkey>true</rowkey>
        </column-mapping>
        <column-mapping>
            <hive-column-name>value</hive-column-name>
            <hive-column-type>float</hive-column-type>
            <hbase-column-family>A</hbase-column-family>
            <hbase-column-qualifier>EDU_Online</hbase-column-qualifier>
        </column-mapping>
    </mapping-info>

    <!-- 9 -->
    <mapping-info>
        <partition>
            data_date=20170717/feature=FIN_Loan
        </partition>
        <column-mapping>
            <hive-column-name>imei</hive-column-name>
            <hive-column-type>string</hive-column-type>
            <rowkey>true</rowkey>
        </column-mapping>
        <column-mapping>
            <hive-column-name>value</hive-column-name>
            <hive-column-type>float</hive-column-type>
            <hbase-column-family>A</hbase-column-family>
            <hbase-column-qualifier>FIN_Loan</hbase-column-qualifier>
        </column-mapping>
    </mapping-info>

    <!-- 10 -->
    <mapping-info>
        <partition>
            data_date=20170717/feature=FIN_Loan_Plantform
        </partition>
        <column-mapping>
            <hive-column-name>imei</hive-column-name>
            <hive-column-type>string</hive-column-type>
            <rowkey>true</rowkey>
        </column-mapping>
        <column-mapping>
            <hive-column-name>value</hive-column-name>
            <hive-column-type>float</hive-column-type>
            <hbase-column-family>A</hbase-column-family>
            <hbase-column-qualifier>FIN_Loan_Plantform</hbase-column-qualifier>
        </column-mapping>
    </mapping-info>

    <!-- 11 -->
    <mapping-info>
        <partition>
            data_date=20170717/feature=FIN_Loan_CreditCard
        </partition>
        <column-mapping>
            <hive-column-name>imei</hive-column-name>
            <hive-column-type>string</hive-column-type>
            <rowkey>true</rowkey>
        </column-mapping>
        <column-mapping>
            <hive-column-name>value</hive-column-name>
            <hive-column-type>float</hive-column-type>
            <hbase-column-family>A</hbase-column-family>
            <hbase-column-qualifier>FIN_Loan_CreditCard</hbase-column-qualifier>
        </column-mapping>
    </mapping-info>

    <!-- 12 -->
    <mapping-info>
        <partition>
            data_date=20170717/feature=FIN_Loan_Consumer
        </partition>
        <column-mapping>
            <hive-column-name>imei</hive-column-name>
            <hive-column-type>string</hive-column-type>
            <rowkey>true</rowkey>
        </column-mapping>
        <column-mapping>
            <hive-column-name>value</hive-column-name>
            <hive-column-type>float</hive-column-type>
            <hbase-column-family>A</hbase-column-family>
            <hbase-column-qualifier>FIN_Loan_Consumer</hbase-column-qualifier>
        </column-mapping>
    </mapping-info>

    <!-- 13 -->
    <mapping-info>
        <partition>
            data_date=20170717/feature=FIN_Loan_P2P
        </partition>
        <column-mapping>
            <hive-column-name>imei</hive-column-name>
            <hive-column-type>string</hive-column-type>
            <rowkey>true</rowkey>
        </column-mapping>
        <column-mapping>
            <hive-column-name>value</hive-column-name>
            <hive-column-type>float</hive-column-type>
            <hbase-column-family>A</hbase-column-family>
            <hbase-column-qualifier>FIN_Loan_P2P</hbase-column-qualifier>
        </column-mapping>
    </mapping-info>

    <!-- 14 -->
    <mapping-info>
        <partition>
            data_date=20170717/feature=FIN_Loan_Other
        </partition>
        <column-mapping>
            <hive-column-name>imei</hive-column-name>
            <hive-column-type>string</hive-column-type>
            <rowkey>true</rowkey>
        </column-mapping>
        <column-mapping>
            <hive-column-name>value</hive-column-name>
            <hive-column-type>float</hive-column-type>
            <hbase-column-family>A</hbase-column-family>
            <hbase-column-qualifier>FIN_Loan_Other</hbase-column-qualifier>
        </column-mapping>
    </mapping-info>

    <!-- 15 -->
    <mapping-info>
        <partition>
            data_date=20170717/feature=FIN_Loan_Small
        </partition>
        <column-mapping>
            <hive-column-name>imei</hive-column-name>
            <hive-column-type>string</hive-column-type>
            <rowkey>true</rowkey>
        </column-mapping>
        <column-mapping>
            <hive-column-name>value</hive-column-name>
            <hive-column-type>float</hive-column-type>
            <hbase-column-family>A</hbase-column-family>
            <hbase-column-qualifier>FIN_Loan_Small</hbase-column-qualifier>
        </column-mapping>
    </mapping-info>

    <!-- 16 -->
    <mapping-info>
        <partition>
            data_date=20170717/feature=FIN_Tool
        </partition>
        <column-mapping>
            <hive-column-name>imei</hive-column-name>
            <hive-column-type>string</hive-column-type>
            <rowkey>true</rowkey>
        </column-mapping>
        <column-mapping>
            <hive-column-name>value</hive-column-name>
            <hive-column-type>float</hive-column-type>
            <hbase-column-family>A</hbase-column-family>
            <hbase-column-qualifier>FIN_Tool</hbase-column-qualifier>
        </column-mapping>
    </mapping-info>

    <!-- 17 -->
    <mapping-info>
        <partition>
            data_date=20170717/feature=FIN_Tool_Creditcard
        </partition>
        <column-mapping>
            <hive-column-name>imei</hive-column-name>
            <hive-column-type>string</hive-column-type>
            <rowkey>true</rowkey>
        </column-mapping>
        <column-mapping>
            <hive-column-name>value</hive-column-name>
            <hive-column-type>float</hive-column-type>
            <hbase-column-family>A</hbase-column-family>
            <hbase-column-qualifier>FIN_Tool_Creditcard</hbase-column-qualifier>
        </column-mapping>
    </mapping-info>

    <!-- 18 -->
    <mapping-info>
        <partition>
            data_date=20170717/feature=FIN_Payment
        </partition>
        <column-mapping>
            <hive-column-name>imei</hive-column-name>
            <hive-column-type>string</hive-column-type>
            <rowkey>true</rowkey>
        </column-mapping>
        <column-mapping>
            <hive-column-name>value</hive-column-name>
            <hive-column-type>float</hive-column-type>
            <hbase-column-family>A</hbase-column-family>
            <hbase-column-qualifier>FIN_Payment</hbase-column-qualifier>
        </column-mapping>
    </mapping-info>

    <!-- 19 -->
    <mapping-info>
        <partition>
            data_date=20170717/feature=FIN_Payment_Credit
        </partition>
        <column-mapping>
            <hive-column-name>imei</hive-column-name>
            <hive-column-type>string</hive-column-type>
            <rowkey>true</rowkey>
        </column-mapping>
        <column-mapping>
            <hive-column-name>value</hive-column-name>
            <hive-column-type>float</hive-column-type>
            <hbase-column-family>A</hbase-column-family>
            <hbase-column-qualifier>FIN_Payment_Credit</hbase-column-qualifier>
        </column-mapping>
    </mapping-info>

    <!-- 20 -->
    <mapping-info>
        <partition>
            data_date=20170717/feature=FIN_Payment_General
        </partition>
        <column-mapping>
            <hive-column-name>imei</hive-column-name>
            <hive-column-type>string</hive-column-type>
            <rowkey>true</rowkey>
        </column-mapping>
        <column-mapping>
            <hive-column-name>value</hive-column-name>
            <hive-column-type>float</hive-column-type>
            <hbase-column-family>A</hbase-column-family>
            <hbase-column-qualifier>FIN_Payment_General</hbase-column-qualifier>
        </column-mapping>
    </mapping-info>

    <!-- 21 -->
    <mapping-info>
        <partition>
            data_date=20170717/feature=FIN_Bank
        </partition>
        <column-mapping>
            <hive-column-name>imei</hive-column-name>
            <hive-column-type>string</hive-column-type>
            <rowkey>true</rowkey>
        </column-mapping>
        <column-mapping>
            <hive-column-name>value</hive-column-name>
            <hive-column-type>float</hive-column-type>
            <hbase-column-family>A</hbase-column-family>
            <hbase-column-qualifier>FIN_Bank</hbase-column-qualifier>
        </column-mapping>
    </mapping-info>

    <!-- 22 -->
    <mapping-info>
        <partition>
            data_date=20170717/feature=FIN_Bank_Creditcard
        </partition>
        <column-mapping>
            <hive-column-name>imei</hive-column-name>
            <hive-column-type>string</hive-column-type>
            <rowkey>true</rowkey>
        </column-mapping>
        <column-mapping>
            <hive-column-name>value</hive-column-name>
            <hive-column-type>float</hive-column-type>
            <hbase-column-family>A</hbase-column-family>
            <hbase-column-qualifier>FIN_Bank_Creditcard</hbase-column-qualifier>
        </column-mapping>
    </mapping-info>

    <!-- 23 -->
    <mapping-info>
        <partition>
            data_date=20170717/feature=FIN_Bank_Type_Sharehold
        </partition>
        <column-mapping>
            <hive-column-name>imei</hive-column-name>
            <hive-column-type>string</hive-column-type>
            <rowkey>true</rowkey>
        </column-mapping>
        <column-mapping>
            <hive-column-name>value</hive-column-name>
            <hive-column-type>float</hive-column-type>
            <hbase-column-family>A</hbase-column-family>
            <hbase-column-qualifier>FIN_Bank_Type_Sharehold</hbase-column-qualifier>
        </column-mapping>
    </mapping-info>

    <!-- 24 -->
    <mapping-info>
        <partition>
            data_date=20170717/feature=FIN_Bank_Type_StateCommercial
        </partition>
        <column-mapping>
            <hive-column-name>imei</hive-column-name>
            <hive-column-type>string</hive-column-type>
            <rowkey>true</rowkey>
        </column-mapping>
        <column-mapping>
            <hive-column-name>value</hive-column-name>
            <hive-column-type>float</hive-column-type>
            <hbase-column-family>A</hbase-column-family>
            <hbase-column-qualifier>FIN_Bank_Type_StateCommercial</hbase-column-qualifier>
        </column-mapping>
    </mapping-info>

    <!-- 25 -->
    <mapping-info>
        <partition>
            data_date=20170717/feature=TRA_Car_Taxi
        </partition>
        <column-mapping>
            <hive-column-name>imei</hive-column-name>
            <hive-column-type>string</hive-column-type>
            <rowkey>true</rowkey>
        </column-mapping>
        <column-mapping>
            <hive-column-name>value</hive-column-name>
            <hive-column-type>float</hive-column-type>
            <hbase-column-family>A</hbase-column-family>
            <hbase-column-qualifier>TRA_Car_Taxi</hbase-column-qualifier>
        </column-mapping>
    </mapping-info>

    <!-- 26 -->
    <mapping-info>
        <partition>
            data_date=20170717/feature=TRA_Share_Bike
        </partition>
        <column-mapping>
            <hive-column-name>imei</hive-column-name>
            <hive-column-type>string</hive-column-type>
            <rowkey>true</rowkey>
        </column-mapping>
        <column-mapping>
            <hive-column-name>value</hive-column-name>
            <hive-column-type>float</hive-column-type>
            <hbase-column-family>A</hbase-column-family>
            <hbase-column-qualifier>TRA_Share_Bike</hbase-column-qualifier>
        </column-mapping>
    </mapping-info>

    <!-- 27 -->
    <mapping-info>
        <partition>
            data_date=20170717/feature=TRA_Car
        </partition>
        <column-mapping>
            <hive-column-name>imei</hive-column-name>
            <hive-column-type>string</hive-column-type>
            <rowkey>true</rowkey>
        </column-mapping>
        <column-mapping>
            <hive-column-name>value</hive-column-name>
            <hive-column-type>float</hive-column-type>
            <hbase-column-family>A</hbase-column-family>
            <hbase-column-qualifier>TRA_Car</hbase-column-qualifier>
        </column-mapping>
    </mapping-info>

    <!-- 28 -->
    <mapping-info>
        <partition>
            data_date=20170717/feature=TRA_Booking
        </partition>
        <column-mapping>
            <hive-column-name>imei</hive-column-name>
            <hive-column-type>string</hive-column-type>
            <rowkey>true</rowkey>
        </column-mapping>
        <column-mapping>
            <hive-column-name>value</hive-column-name>
            <hive-column-type>float</hive-column-type>
            <hbase-column-family>A</hbase-column-family>
            <hbase-column-qualifier>TRA_Booking</hbase-column-qualifier>
        </column-mapping>
    </mapping-info>

    <!-- 29 -->
    <mapping-info>
        <partition>
            data_date=20170717/feature=TRA_Booking_Plane
        </partition>
        <column-mapping>
            <hive-column-name>imei</hive-column-name>
            <hive-column-type>string</hive-column-type>
            <rowkey>true</rowkey>
        </column-mapping>
        <column-mapping>
            <hive-column-name>value</hive-column-name>
            <hive-column-type>float</hive-column-type>
            <hbase-column-family>A</hbase-column-family>
            <hbase-column-qualifier>TRA_Booking_Plane</hbase-column-qualifier>
        </column-mapping>
    </mapping-info>

    <!-- 30 -->
    <mapping-info>
        <partition>
            data_date=20170717/feature=TRA_Guide
        </partition>
        <column-mapping>
            <hive-column-name>imei</hive-column-name>
            <hive-column-type>string</hive-column-type>
            <rowkey>true</rowkey>
        </column-mapping>
        <column-mapping>
            <hive-column-name>value</hive-column-name>
            <hive-column-type>float</hive-column-type>
            <hbase-column-family>A</hbase-column-family>
            <hbase-column-qualifier>TRA_Guide</hbase-column-qualifier>
        </column-mapping>
    </mapping-info>

    <!-- 31 -->
    <mapping-info>
        <partition>
            data_date=20170717/feature=TRA_Traffic_Law
        </partition>
        <column-mapping>
            <hive-column-name>imei</hive-column-name>
            <hive-column-type>string</hive-column-type>
            <rowkey>true</rowkey>
        </column-mapping>
        <column-mapping>
            <hive-column-name>value</hive-column-name>
            <hive-column-type>float</hive-column-type>
            <hbase-column-family>A</hbase-column-family>
            <hbase-column-qualifier>TRA_Traffic_Law</hbase-column-qualifier>
        </column-mapping>
    </mapping-info>

    <!-- 32 -->
    <mapping-info>
        <partition>
            data_date=20170717/feature=LIF_Food&amp;Entertainment
        </partition>
        <column-mapping>
            <hive-column-name>imei</hive-column-name>
            <hive-column-type>string</hive-column-type>
            <rowkey>true</rowkey>
        </column-mapping>
        <column-mapping>
            <hive-column-name>value</hive-column-name>
            <hive-column-type>float</hive-column-type>
            <hbase-column-family>A</hbase-column-family>
            <hbase-column-qualifier>LIF_Food&amp;Entertainment</hbase-column-qualifier>
        </column-mapping>
    </mapping-info>

    <!-- 33 -->
    <mapping-info>
        <partition>
            data_date=20170717/feature=LIF_F&amp;E_Groupon
        </partition>
        <column-mapping>
            <hive-column-name>imei</hive-column-name>
            <hive-column-type>string</hive-column-type>
            <rowkey>true</rowkey>
        </column-mapping>
        <column-mapping>
            <hive-column-name>value</hive-column-name>
            <hive-column-type>float</hive-column-type>
            <hbase-column-family>A</hbase-column-family>
            <hbase-column-qualifier>LIF_F&amp;E_Groupon</hbase-column-qualifier>
        </column-mapping>
    </mapping-info>

    <!-- 34 -->
    <mapping-info>
        <partition>
            data_date=20170717/feature=LIF_F&amp;E_Deliver
        </partition>
        <column-mapping>
            <hive-column-name>imei</hive-column-name>
            <hive-column-type>string</hive-column-type>
            <rowkey>true</rowkey>
        </column-mapping>
        <column-mapping>
            <hive-column-name>value</hive-column-name>
            <hive-column-type>float</hive-column-type>
            <hbase-column-family>A</hbase-column-family>
            <hbase-column-qualifier>LIF_F&amp;E_Deliver</hbase-column-qualifier>
        </column-mapping>
    </mapping-info>

    <!-- 35 -->
    <mapping-info>
        <partition>
            data_date=20170717/feature=LIF_Job_Board
        </partition>
        <column-mapping>
            <hive-column-name>imei</hive-column-name>
            <hive-column-type>string</hive-column-type>
            <rowkey>true</rowkey>
        </column-mapping>
        <column-mapping>
            <hive-column-name>value</hive-column-name>
            <hive-column-type>float</hive-column-type>
            <hbase-column-family>A</hbase-column-family>
            <hbase-column-qualifier>LIF_Job_Board</hbase-column-qualifier>
        </column-mapping>
    </mapping-info>

    <!-- 36 -->
    <mapping-info>
        <partition>
            data_date=20170717/feature=SOC_BBS
        </partition>
        <column-mapping>
            <hive-column-name>imei</hive-column-name>
            <hive-column-type>string</hive-column-type>
            <rowkey>true</rowkey>
        </column-mapping>
        <column-mapping>
            <hive-column-name>value</hive-column-name>
            <hive-column-type>float</hive-column-type>
            <hbase-column-family>A</hbase-column-family>
            <hbase-column-qualifier>SOC_BBS</hbase-column-qualifier>
        </column-mapping>
    </mapping-info>

    <!-- 37 -->
    <mapping-info>
        <partition>
            data_date=20170717/feature=SOC_Mailbox
        </partition>
        <column-mapping>
            <hive-column-name>imei</hive-column-name>
            <hive-column-type>string</hive-column-type>
            <rowkey>true</rowkey>
        </column-mapping>
        <column-mapping>
            <hive-column-name>value</hive-column-name>
            <hive-column-type>float</hive-column-type>
            <hbase-column-family>A</hbase-column-family>
            <hbase-column-qualifier>SOC_Mailbox</hbase-column-qualifier>
        </column-mapping>
    </mapping-info>

    <!-- 38 -->
    <mapping-info>
        <partition>
            data_date=20170717/feature=SYS_Wifi
        </partition>
        <column-mapping>
            <hive-column-name>imei</hive-column-name>
            <hive-column-type>string</hive-column-type>
            <rowkey>true</rowkey>
        </column-mapping>
        <column-mapping>
            <hive-column-name>value</hive-column-name>
            <hive-column-type>float</hive-column-type>
            <hbase-column-family>A</hbase-column-family>
            <hbase-column-qualifier>SYS_Wifi</hbase-column-qualifier>
        </column-mapping>
    </mapping-info>

    <!-- 39 -->
    <mapping-info>
        <partition>
            data_date=20170717/feature=SYS_NetDisk
        </partition>
        <column-mapping>
            <hive-column-name>imei</hive-column-name>
            <hive-column-type>string</hive-column-type>
            <rowkey>true</rowkey>
        </column-mapping>
        <column-mapping>
            <hive-column-name>value</hive-column-name>
            <hive-column-type>float</hive-column-type>
            <hbase-column-family>A</hbase-column-family>
            <hbase-column-qualifier>SYS_NetDisk</hbase-column-qualifier>
        </column-mapping>
    </mapping-info>

    <!-- 40 -->
    <mapping-info>
        <partition>
            data_date=20170717/feature=LIVE_All
        </partition>
        <column-mapping>
            <hive-column-name>imei</hive-column-name>
            <hive-column-type>string</hive-column-type>
            <rowkey>true</rowkey>
        </column-mapping>
        <column-mapping>
            <hive-column-name>value</hive-column-name>
            <hive-column-type>float</hive-column-type>
            <hbase-column-family>A</hbase-column-family>
            <hbase-column-qualifier>LIVE_All</hbase-column-qualifier>
        </column-mapping>
    </mapping-info>

    <!-- 41 -->
    <mapping-info>
        <partition>
            data_date=20170717/feature=FIN_Debit_PCT
        </partition>
        <column-mapping>
            <hive-column-name>imei</hive-column-name>
            <hive-column-type>string</hive-column-type>
            <rowkey>true</rowkey>
        </column-mapping>
        <column-mapping>
            <hive-column-name>value</hive-column-name>
            <hive-column-type>float</hive-column-type>
            <hbase-column-family>A</hbase-column-family>
            <hbase-column-qualifier>FIN_Debit_PCT</hbase-column-qualifier>
        </column-mapping>
    </mapping-info>

    <!-- 42 -->
    <mapping-info>
        <partition>
            data_date=20170717/feature=FIN_Invest_PCT
        </partition>
        <column-mapping>
            <hive-column-name>imei</hive-column-name>
            <hive-column-type>string</hive-column-type>
            <rowkey>true</rowkey>
        </column-mapping>
        <column-mapping>
            <hive-column-name>value</hive-column-name>
            <hive-column-type>float</hive-column-type>
            <hbase-column-family>A</hbase-column-family>
            <hbase-column-qualifier>FIN_Invest_PCT</hbase-column-qualifier>
        </column-mapping>
    </mapping-info>

    <!-- 43 -->
    <mapping-info>
        <partition>
            data_date=20170717/feature=ASSETS_Rent_House
        </partition>
        <column-mapping>
            <hive-column-name>imei</hive-column-name>
            <hive-column-type>string</hive-column-type>
            <rowkey>true</rowkey>
        </column-mapping>
        <column-mapping>
            <hive-column-name>value</hive-column-name>
            <hive-column-type>float</hive-column-type>
            <hbase-column-family>A</hbase-column-family>
            <hbase-column-qualifier>ASSETS_Rent_House</hbase-column-qualifier>
        </column-mapping>
    </mapping-info>

    <!-- 44 -->
    <mapping-info>
        <partition>
            data_date=20170717/feature=ASSETS_Own_Car
        </partition>
        <column-mapping>
            <hive-column-name>imei</hive-column-name>
            <hive-column-type>string</hive-column-type>
            <rowkey>true</rowkey>
        </column-mapping>
        <column-mapping>
            <hive-column-name>value</hive-column-name>
            <hive-column-type>float</hive-column-type>
            <hbase-column-family>A</hbase-column-family>
            <hbase-column-qualifier>ASSETS_Own_Car</hbase-column-qualifier>
        </column-mapping>
    </mapping-info>

    <!-- 45 -->
    <mapping-info>
        <partition>
            data_date=20170717/feature=STATUS_Job_Seek_IT
        </partition>
        <column-mapping>
            <hive-column-name>imei</hive-column-name>
            <hive-column-type>string</hive-column-type>
            <rowkey>true</rowkey>
        </column-mapping>
        <column-mapping>
            <hive-column-name>value</hive-column-name>
            <hive-column-type>float</hive-column-type>
            <hbase-column-family>A</hbase-column-family>
            <hbase-column-qualifier>STATUS_Job_Seek_IT</hbase-column-qualifier>
        </column-mapping>
    </mapping-info>

</config>